\BOOKMARK [0][]{chapter.1}{Acknowledgement}{}% 1
\BOOKMARK [0][]{chapter.2}{Abstract}{}% 2
\BOOKMARK [0][]{chapter.3}{Introduction}{}% 3
\BOOKMARK [1][]{section.3.1}{Existing System}{chapter.3}% 4
\BOOKMARK [1][]{section.3.2}{User Requirement Analysis}{chapter.3}% 5
\BOOKMARK [1][]{section.3.3}{Feasibility Study}{chapter.3}% 6
\BOOKMARK [1][]{section.3.4}{Types of Feasibility}{chapter.3}% 7
\BOOKMARK [2][]{subsection.3.4.1}{Technical Feasibility}{section.3.4}% 8
\BOOKMARK [2][]{subsection.3.4.2}{Economic Feasibility}{section.3.4}% 9
\BOOKMARK [2][]{subsection.3.4.3}{Operational Feasibility}{section.3.4}% 10
\BOOKMARK [2][]{subsection.3.4.4}{Technological Feasibility}{section.3.4}% 11
\BOOKMARK [2][]{subsection.3.4.5}{Behavioral Feasibility}{section.3.4}% 12
\BOOKMARK [1][]{section.3.5}{Objectives of Project}{chapter.3}% 13
\BOOKMARK [0][]{chapter.4}{Project Design}{}% 14
\BOOKMARK [1][]{section.4.1}{Software Requirement Analysis}{chapter.4}% 15
\BOOKMARK [2][]{subsection.4.1.1}{Functional Requirements}{section.4.1}% 16
\BOOKMARK [2][]{subsection.4.1.2}{Non functional requirements}{section.4.1}% 17
\BOOKMARK [1][]{section.4.2}{Flowchart}{chapter.4}% 18
\BOOKMARK [1][]{section.4.3}{DFDs}{chapter.4}% 19
\BOOKMARK [0][]{chapter.5}{Development and Implementation}{}% 20
\BOOKMARK [1][]{section.5.1}{Introduction to Languages}{chapter.5}% 21
\BOOKMARK [2][]{subsection.5.1.1}{HTML}{section.5.1}% 22
\BOOKMARK [2][]{subsection.5.1.2}{CSS}{section.5.1}% 23
\BOOKMARK [2][]{subsection.5.1.3}{PHP}{section.5.1}% 24
\BOOKMARK [1][]{section.5.2}{Introduction to CGS}{chapter.5}% 25
\BOOKMARK [1][]{section.5.3}{Installation and Setup}{chapter.5}% 26
\BOOKMARK [0][]{chapter.6}{Testing}{}% 27
\BOOKMARK [0][]{chapter.7}{Conclusion and Future Scope}{}% 28
\BOOKMARK [1][]{section.7.1}{Summary}{chapter.7}% 29
\BOOKMARK [1][]{section.7.2}{Future Scope}{chapter.7}% 30
